2026-04-01 01:18:19,638 [INFO] Scrape session started.
2026-04-01 01:18:20,116 [INFO] Updated 95E_LV_cenas_nozarelv.csv. Newest record: 2026-03-31 00:00:00
2026-04-01 01:18:20,507 [INFO] Updated DD_LV_cenas_nozarelv.csv. Newest record: 2026-03-31 00:00:00
2026-04-01 01:18:20,958 [INFO] Updated 95E_Baltija_cenas_CircleK_nozarelv.csv. Newest record: 2026-03-27 00:00:00
2026-04-01 01:18:21,396 [INFO] Updated DD_Baltija_cenas_CircleK_nozarelv.csv. Newest record: 2026-03-27 00:00:00
2026-04-01 01:18:21,396 [INFO] Scrape session finished.
2026-04-07 06:08:48,646 [INFO] Scrape session started.
2026-04-07 06:08:50,931 [INFO] Updated 95E_LV_cenas_nozarelv.csv. Newest record: 2026-04-02 00:00:00
2026-04-07 06:08:53,188 [INFO] Updated DD_LV_cenas_nozarelv.csv. Newest record: 2026-04-02 00:00:00
2026-04-07 06:08:55,470 [INFO] Updated 95E_Baltija_cenas_CircleK_nozarelv.csv. Newest record: 2026-04-03 00:00:00
2026-04-07 06:08:57,431 [INFO] Updated DD_Baltija_cenas_CircleK_nozarelv.csv. Newest record: 2026-04-03 00:00:00
2026-04-07 06:08:57,431 [INFO] Scrape session finished.
2026-04-07 07:52:29,748 [INFO] Scrape session started.
2026-04-07 07:52:31,801 [INFO] Updated 95E_LV_cenas_nozarelv.csv. Newest record: 2026-04-07 00:00:00
2026-04-07 07:52:33,504 [INFO] Updated DD_LV_cenas_nozarelv.csv. Newest record: 2026-04-07 00:00:00
2026-04-07 07:52:35,584 [INFO] Updated 95E_Baltija_cenas_CircleK_nozarelv.csv. Newest record: 2026-04-03 00:00:00
2026-04-07 07:52:37,144 [INFO] Updated DD_Baltija_cenas_CircleK_nozarelv.csv. Newest record: 2026-04-03 00:00:00
2026-04-07 07:52:37,144 [INFO] Scrape session finished.
2026-04-07 12:00:45,095 [INFO] Scrape session started.
2026-04-07 12:00:46,833 [INFO] Updated 95E_LV_cenas_nozarelv.csv. Newest record: 2026-04-07 00:00:00
2026-04-07 12:00:48,411 [INFO] Updated DD_LV_cenas_nozarelv.csv. Newest record: 2026-04-07 00:00:00
2026-04-07 12:00:50,071 [INFO] Updated 95E_Baltija_cenas_CircleK_nozarelv.csv. Newest record: 2026-04-03 00:00:00
2026-04-07 12:00:51,679 [INFO] Updated DD_Baltija_cenas_CircleK_nozarelv.csv. Newest record: 2026-04-03 00:00:00
2026-04-07 12:00:51,680 [INFO] Scrape session finished.
2026-04-08 12:01:35,566 [INFO] Scrape session started.
2026-04-08 12:01:37,549 [INFO] Updated 95E_LV_cenas_nozarelv.csv. Newest record: 2026-04-08 00:00:00
2026-04-08 12:01:39,179 [INFO] Updated DD_LV_cenas_nozarelv.csv. Newest record: 2026-04-08 00:00:00
2026-04-08 12:01:41,165 [INFO] Updated 95E_Baltija_cenas_CircleK_nozarelv.csv. Newest record: 2026-04-03 00:00:00
2026-04-08 12:01:42,729 [INFO] Updated DD_Baltija_cenas_CircleK_nozarelv.csv. Newest record: 2026-04-03 00:00:00
2026-04-08 12:01:42,730 [INFO] Scrape session finished.
2026-04-09 05:39:23,856 [INFO] Scrape session started.
2026-04-09 05:39:25,579 [INFO] Updated 95E_LV_cenas_nozarelv.csv. Newest record: 2026-04-08 00:00:00
2026-04-09 05:39:26,724 [INFO] Updated DD_LV_cenas_nozarelv.csv. Newest record: 2026-04-08 00:00:00
2026-04-09 05:39:28,181 [INFO] Updated 95E_Baltija_cenas_CircleK_nozarelv.csv. Newest record: 2026-04-03 00:00:00
2026-04-09 05:39:29,587 [INFO] Updated DD_Baltija_cenas_CircleK_nozarelv.csv. Newest record: 2026-04-03 00:00:00
2026-04-09 05:39:29,587 [INFO] Scrape session finished.
2026-04-09 12:02:35,651 [INFO] Scrape session started.
2026-04-09 12:02:37,393 [INFO] Updated 95E_LV_cenas_nozarelv.csv. Newest record: 2026-04-09 00:00:00
2026-04-09 12:02:39,298 [INFO] Updated DD_LV_cenas_nozarelv.csv. Newest record: 2026-04-09 00:00:00
2026-04-09 12:02:41,238 [INFO] Updated 95E_Baltija_cenas_CircleK_nozarelv.csv. Newest record: 2026-04-03 00:00:00
2026-04-09 12:02:43,187 [INFO] Updated DD_Baltija_cenas_CircleK_nozarelv.csv. Newest record: 2026-04-03 00:00:00
2026-04-09 12:02:43,187 [INFO] Scrape session finished.
2026-04-10 09:17:07,960 [INFO] Scrape session started.
2026-04-10 09:17:10,226 [INFO] Updated 95E_LV_cenas_nozarelv.csv. Newest record: 2026-04-10 00:00:00
2026-04-10 09:17:12,250 [INFO] Updated DD_LV_cenas_nozarelv.csv. Newest record: 2026-04-10 00:00:00
2026-04-10 09:17:14,125 [INFO] Updated 95E_Baltija_cenas_CircleK_nozarelv.csv. Newest record: 2026-04-03 00:00:00
2026-04-10 09:17:15,916 [INFO] Updated DD_Baltija_cenas_CircleK_nozarelv.csv. Newest record: 2026-04-03 00:00:00
2026-04-10 09:17:15,916 [INFO] Scrape session finished.
2026-04-10 10:40:17,515 [INFO] Scrape session started.
2026-04-10 10:40:19,406 [INFO] Updated 95E_LV_cenas_nozarelv.csv. Newest record: 2026-04-10 00:00:00
2026-04-10 10:40:21,172 [INFO] Updated DD_LV_cenas_nozarelv.csv. Newest record: 2026-04-10 00:00:00
2026-04-10 10:40:22,933 [INFO] Updated 95E_Baltija_cenas_CircleK_nozarelv.csv. Newest record: 2026-04-03 00:00:00
2026-04-10 10:40:24,767 [INFO] Updated DD_Baltija_cenas_CircleK_nozarelv.csv. Newest record: 2026-04-03 00:00:00
2026-04-10 10:40:24,767 [INFO] Scrape session finished.
2026-04-10 12:03:21,303 [INFO] Scrape session started.
2026-04-10 12:03:22,991 [INFO] Updated 95E_LV_cenas_nozarelv.csv. Newest record: 2026-04-10 00:00:00
2026-04-10 12:03:24,596 [INFO] Updated DD_LV_cenas_nozarelv.csv. Newest record: 2026-04-10 00:00:00
2026-04-10 12:03:26,172 [INFO] Updated 95E_Baltija_cenas_CircleK_nozarelv.csv. Newest record: 2026-04-03 00:00:00
2026-04-10 12:03:27,776 [INFO] Updated DD_Baltija_cenas_CircleK_nozarelv.csv. Newest record: 2026-04-03 00:00:00
2026-04-10 12:03:27,776 [INFO] Scrape session finished.
2026-04-11 09:59:41,827 [INFO] Scrape session started.
2026-04-11 09:59:43,407 [INFO] Updated 95E_LV_cenas_nozarelv.csv. Newest record: 2026-04-10 00:00:00
2026-04-11 09:59:44,978 [INFO] Updated DD_LV_cenas_nozarelv.csv. Newest record: 2026-04-10 00:00:00
2026-04-11 09:59:46,248 [INFO] Updated 95E_Baltija_cenas_CircleK_nozarelv.csv. Newest record: 2026-04-10 00:00:00
2026-04-11 09:59:47,525 [INFO] Updated DD_Baltija_cenas_CircleK_nozarelv.csv. Newest record: 2026-04-10 00:00:00
2026-04-11 09:59:47,525 [INFO] Scrape session finished.
2026-04-11 11:05:48,378 [INFO] Scrape session started.
2026-04-11 11:05:50,374 [INFO] Updated 95E_LV_cenas_nozarelv.csv. Newest record: 2026-04-10 00:00:00
2026-04-11 11:05:52,571 [INFO] Updated DD_LV_cenas_nozarelv.csv. Newest record: 2026-04-10 00:00:00
2026-04-11 11:05:54,303 [INFO] Updated 95E_Baltija_cenas_CircleK_nozarelv.csv. Newest record: 2026-04-10 00:00:00
2026-04-11 11:05:56,534 [INFO] Updated DD_Baltija_cenas_CircleK_nozarelv.csv. Newest record: 2026-04-10 00:00:00
2026-04-11 11:05:56,534 [INFO] Scrape session finished.
2026-04-12 10:03:51,914 [INFO] Scrape session started.
2026-04-12 10:03:53,455 [INFO] Updated 95E_LV_cenas_nozarelv.csv. Newest record: 2026-04-10 00:00:00
2026-04-12 10:03:54,915 [INFO] Updated DD_LV_cenas_nozarelv.csv. Newest record: 2026-04-10 00:00:00
2026-04-12 10:03:56,487 [INFO] Updated 95E_Baltija_cenas_CircleK_nozarelv.csv. Newest record: 2026-04-10 00:00:00
2026-04-12 10:03:58,013 [INFO] Updated DD_Baltija_cenas_CircleK_nozarelv.csv. Newest record: 2026-04-10 00:00:00
2026-04-12 10:03:58,014 [INFO] Scrape session finished.
2026-04-12 11:23:42,826 [INFO] Scrape session started.
2026-04-12 11:23:44,516 [INFO] Updated 95E_LV_cenas_nozarelv.csv. Newest record: 2026-04-10 00:00:00
2026-04-12 11:23:46,081 [INFO] Updated DD_LV_cenas_nozarelv.csv. Newest record: 2026-04-10 00:00:00
2026-04-12 11:23:47,929 [INFO] Updated 95E_Baltija_cenas_CircleK_nozarelv.csv. Newest record: 2026-04-10 00:00:00
2026-04-12 11:23:49,626 [INFO] Updated DD_Baltija_cenas_CircleK_nozarelv.csv. Newest record: 2026-04-10 00:00:00
2026-04-12 11:23:49,626 [INFO] Scrape session finished.
2026-04-13 11:56:22,407 [INFO] Scrape session started.
2026-04-13 11:56:24,209 [INFO] Updated 95E_LV_cenas_nozarelv.csv. Newest record: 2026-04-13 00:00:00
2026-04-13 11:56:25,990 [INFO] Updated DD_LV_cenas_nozarelv.csv. Newest record: 2026-04-13 00:00:00
2026-04-13 11:56:27,800 [INFO] Updated 95E_Baltija_cenas_CircleK_nozarelv.csv. Newest record: 2026-04-10 00:00:00
2026-04-13 11:56:29,587 [INFO] Updated DD_Baltija_cenas_CircleK_nozarelv.csv. Newest record: 2026-04-10 00:00:00
2026-04-13 11:56:29,587 [INFO] Scrape session finished.
2026-04-13 15:04:16,842 [INFO] Scrape session started.
2026-04-13 15:04:18,460 [INFO] Updated 95E_LV_cenas_nozarelv.csv. Newest record: 2026-04-13 00:00:00
2026-04-13 15:04:20,108 [INFO] Updated DD_LV_cenas_nozarelv.csv. Newest record: 2026-04-13 00:00:00
2026-04-13 15:04:21,626 [INFO] Updated 95E_Baltija_cenas_CircleK_nozarelv.csv. Newest record: 2026-04-10 00:00:00
2026-04-13 15:04:23,141 [INFO] Updated DD_Baltija_cenas_CircleK_nozarelv.csv. Newest record: 2026-04-10 00:00:00
2026-04-13 15:04:23,141 [INFO] Scrape session finished.
2026-04-14 09:11:36,464 [INFO] Scrape session started.
2026-04-14 09:11:38,418 [INFO] Updated 95E_LV_cenas_nozarelv.csv. Newest record: 2026-04-14 00:00:00
2026-04-14 09:11:40,246 [INFO] Updated DD_LV_cenas_nozarelv.csv. Newest record: 2026-04-14 00:00:00
2026-04-14 09:11:42,211 [INFO] Updated 95E_Baltija_cenas_CircleK_nozarelv.csv. Newest record: 2026-04-10 00:00:00
2026-04-14 09:11:44,119 [INFO] Updated DD_Baltija_cenas_CircleK_nozarelv.csv. Newest record: 2026-04-10 00:00:00
2026-04-14 09:11:44,119 [INFO] Scrape session finished.
2026-04-14 11:40:26,717 [INFO] Scrape session started.
2026-04-14 11:40:28,937 [INFO] Updated 95E_LV_cenas_nozarelv.csv. Newest record: 2026-04-14 00:00:00
2026-04-14 11:40:31,249 [INFO] Updated DD_LV_cenas_nozarelv.csv. Newest record: 2026-04-14 00:00:00
2026-04-14 11:40:33,559 [INFO] Updated 95E_Baltija_cenas_CircleK_nozarelv.csv. Newest record: 2026-04-10 00:00:00
2026-04-14 11:40:35,853 [INFO] Updated DD_Baltija_cenas_CircleK_nozarelv.csv. Newest record: 2026-04-10 00:00:00
2026-04-14 11:40:35,853 [INFO] Scrape session finished.
2026-04-14 15:02:54,183 [INFO] Scrape session started.
2026-04-14 15:02:56,267 [INFO] Updated 95E_LV_cenas_nozarelv.csv. Newest record: 2026-04-14 00:00:00
2026-04-14 15:02:58,535 [INFO] Updated DD_LV_cenas_nozarelv.csv. Newest record: 2026-04-14 00:00:00
2026-04-14 15:03:00,869 [INFO] Updated 95E_Baltija_cenas_CircleK_nozarelv.csv. Newest record: 2026-04-10 00:00:00
2026-04-14 15:03:03,167 [INFO] Updated DD_Baltija_cenas_CircleK_nozarelv.csv. Newest record: 2026-04-10 00:00:00
2026-04-14 15:03:03,167 [INFO] Scrape session finished.
2026-04-15 11:18:07,796 [INFO] Scrape session started.
2026-04-15 11:18:09,387 [INFO] Updated 95E_LV_cenas_nozarelv.csv. Newest record: 2026-04-15 00:00:00
2026-04-15 11:18:10,605 [INFO] Updated DD_LV_cenas_nozarelv.csv. Newest record: 2026-04-15 00:00:00
2026-04-15 11:18:12,165 [INFO] Updated 95E_Baltija_cenas_CircleK_nozarelv.csv. Newest record: 2026-04-10 00:00:00
2026-04-15 11:18:13,658 [INFO] Updated DD_Baltija_cenas_CircleK_nozarelv.csv. Newest record: 2026-04-10 00:00:00
2026-04-15 11:18:13,659 [INFO] Scrape session finished.
2026-04-15 12:10:59,756 [INFO] Scrape session started.
2026-04-15 12:11:01,792 [INFO] Updated 95E_LV_cenas_nozarelv.csv. Newest record: 2026-04-15 00:00:00
2026-04-15 12:11:03,526 [INFO] Updated DD_LV_cenas_nozarelv.csv. Newest record: 2026-04-15 00:00:00
2026-04-15 12:11:05,808 [INFO] Updated 95E_Baltija_cenas_CircleK_nozarelv.csv. Newest record: 2026-04-10 00:00:00
2026-04-15 12:11:08,175 [INFO] Updated DD_Baltija_cenas_CircleK_nozarelv.csv. Newest record: 2026-04-10 00:00:00
2026-04-15 12:11:08,175 [INFO] Scrape session finished.
2026-04-16 11:19:44,698 [INFO] Scrape session started.
2026-04-16 11:19:46,647 [INFO] Updated 95E_LV_cenas_nozarelv.csv. Newest record: 2026-04-16 00:00:00
2026-04-16 11:19:48,071 [INFO] Updated DD_LV_cenas_nozarelv.csv. Newest record: 2026-04-16 00:00:00
2026-04-16 11:19:50,002 [INFO] Updated 95E_Baltija_cenas_CircleK_nozarelv.csv. Newest record: 2026-04-10 00:00:00
2026-04-16 11:19:51,817 [INFO] Updated DD_Baltija_cenas_CircleK_nozarelv.csv. Newest record: 2026-04-10 00:00:00
2026-04-16 11:19:51,817 [INFO] Scrape session finished.
2026-04-16 11:39:44,750 [INFO] Scrape session started.
2026-04-16 11:39:46,425 [INFO] Updated 95E_LV_cenas_nozarelv.csv. Newest record: 2026-04-16 00:00:00
2026-04-16 11:39:47,794 [INFO] Updated DD_LV_cenas_nozarelv.csv. Newest record: 2026-04-16 00:00:00
2026-04-16 11:39:49,349 [INFO] Updated 95E_Baltija_cenas_CircleK_nozarelv.csv. Newest record: 2026-04-10 00:00:00
2026-04-16 11:39:50,859 [INFO] Updated DD_Baltija_cenas_CircleK_nozarelv.csv. Newest record: 2026-04-10 00:00:00
2026-04-16 11:39:50,859 [INFO] Scrape session finished.
2026-04-16 15:15:10,735 [INFO] Scrape session started.
2026-04-16 15:15:12,774 [INFO] Updated 95E_LV_cenas_nozarelv.csv. Newest record: 2026-04-16 00:00:00
2026-04-16 15:15:14,820 [INFO] Updated DD_LV_cenas_nozarelv.csv. Newest record: 2026-04-16 00:00:00
2026-04-16 15:15:16,452 [INFO] Updated 95E_Baltija_cenas_CircleK_nozarelv.csv. Newest record: 2026-04-10 00:00:00
2026-04-16 15:15:18,275 [INFO] Updated DD_Baltija_cenas_CircleK_nozarelv.csv. Newest record: 2026-04-10 00:00:00
2026-04-16 15:15:18,275 [INFO] Scrape session finished.
2026-04-17 10:44:23,951 [INFO] Scrape session started.
2026-04-17 10:44:25,729 [INFO] Updated 95E_LV_cenas_nozarelv.csv. Newest record: 2026-04-17 00:00:00
2026-04-17 10:44:27,299 [INFO] Updated DD_LV_cenas_nozarelv.csv. Newest record: 2026-04-17 00:00:00
2026-04-17 10:44:29,053 [INFO] Updated 95E_Baltija_cenas_CircleK_nozarelv.csv. Newest record: 2026-04-10 00:00:00
2026-04-17 10:44:30,787 [INFO] Updated DD_Baltija_cenas_CircleK_nozarelv.csv. Newest record: 2026-04-10 00:00:00
2026-04-17 10:44:30,787 [INFO] Scrape session finished.
2026-04-17 12:09:22,149 [INFO] Scrape session started.
2026-04-17 12:09:23,642 [INFO] Updated 95E_LV_cenas_nozarelv.csv. Newest record: 2026-04-17 00:00:00
2026-04-17 12:09:25,188 [INFO] Updated DD_LV_cenas_nozarelv.csv. Newest record: 2026-04-17 00:00:00
2026-04-17 12:09:26,743 [INFO] Updated 95E_Baltija_cenas_CircleK_nozarelv.csv. Newest record: 2026-04-10 00:00:00
2026-04-17 12:09:28,081 [INFO] Updated DD_Baltija_cenas_CircleK_nozarelv.csv. Newest record: 2026-04-10 00:00:00
2026-04-17 12:09:28,081 [INFO] Scrape session finished.
2026-04-18 10:05:01,152 [INFO] Scrape session started.
2026-04-18 10:05:06,507 [INFO] Updated 95E_LV_cenas_nozarelv.csv. Newest record: 2026-04-17 00:00:00
2026-04-18 10:05:08,012 [INFO] Updated DD_LV_cenas_nozarelv.csv. Newest record: 2026-04-17 00:00:00
2026-04-18 10:05:09,574 [INFO] Updated 95E_Baltija_cenas_CircleK_nozarelv.csv. Newest record: 2026-04-17 00:00:00
2026-04-18 10:05:11,102 [INFO] Updated DD_Baltija_cenas_CircleK_nozarelv.csv. Newest record: 2026-04-17 00:00:00
2026-04-18 10:05:11,102 [INFO] Scrape session finished.
2026-04-18 11:24:15,098 [INFO] Scrape session started.
2026-04-18 11:24:16,753 [INFO] Updated 95E_LV_cenas_nozarelv.csv. Newest record: 2026-04-17 00:00:00
2026-04-18 11:24:18,292 [INFO] Updated DD_LV_cenas_nozarelv.csv. Newest record: 2026-04-17 00:00:00
2026-04-18 11:24:19,892 [INFO] Updated 95E_Baltija_cenas_CircleK_nozarelv.csv. Newest record: 2026-04-17 00:00:00
2026-04-18 11:24:21,497 [INFO] Updated DD_Baltija_cenas_CircleK_nozarelv.csv. Newest record: 2026-04-17 00:00:00
2026-04-18 11:24:21,497 [INFO] Scrape session finished.
2026-04-19 10:04:07,360 [INFO] Scrape session started.
2026-04-19 10:04:08,825 [INFO] Updated 95E_LV_cenas_nozarelv.csv. Newest record: 2026-04-17 00:00:00
2026-04-19 10:04:10,435 [INFO] Updated DD_LV_cenas_nozarelv.csv. Newest record: 2026-04-17 00:00:00
2026-04-19 10:04:15,896 [INFO] Updated 95E_Baltija_cenas_CircleK_nozarelv.csv. Newest record: 2026-04-17 00:00:00
2026-04-19 10:04:17,404 [INFO] Updated DD_Baltija_cenas_CircleK_nozarelv.csv. Newest record: 2026-04-17 00:00:00
2026-04-19 10:04:17,405 [INFO] Scrape session finished.
2026-04-19 11:50:38,579 [INFO] Scrape session started.
2026-04-19 11:50:40,505 [INFO] Updated 95E_LV_cenas_nozarelv.csv. Newest record: 2026-04-17 00:00:00
2026-04-19 11:50:42,517 [INFO] Updated DD_LV_cenas_nozarelv.csv. Newest record: 2026-04-17 00:00:00
2026-04-19 11:50:44,774 [INFO] Updated 95E_Baltija_cenas_CircleK_nozarelv.csv. Newest record: 2026-04-17 00:00:00
2026-04-19 11:50:47,037 [INFO] Updated DD_Baltija_cenas_CircleK_nozarelv.csv. Newest record: 2026-04-17 00:00:00
2026-04-19 11:50:47,037 [INFO] Scrape session finished.
2026-04-20 11:57:24,766 [INFO] Scrape session started.
2026-04-20 11:57:32,357 [INFO] Updated 95E_LV_cenas_nozarelv.csv. Newest record: 2026-04-20 00:00:00
2026-04-20 11:57:33,896 [INFO] Updated DD_LV_cenas_nozarelv.csv. Newest record: 2026-04-20 00:00:00
2026-04-20 11:57:35,391 [INFO] Updated 95E_Baltija_cenas_CircleK_nozarelv.csv. Newest record: 2026-04-17 00:00:00
2026-04-20 11:57:36,696 [INFO] Updated DD_Baltija_cenas_CircleK_nozarelv.csv. Newest record: 2026-04-17 00:00:00
2026-04-20 11:57:36,696 [INFO] Scrape session finished.
2026-04-20 15:05:40,561 [INFO] Scrape session started.
2026-04-20 15:05:42,162 [INFO] Updated 95E_LV_cenas_nozarelv.csv. Newest record: 2026-04-20 00:00:00
2026-04-20 15:05:43,731 [INFO] Updated DD_LV_cenas_nozarelv.csv. Newest record: 2026-04-20 00:00:00
2026-04-20 15:05:45,325 [INFO] Updated 95E_Baltija_cenas_CircleK_nozarelv.csv. Newest record: 2026-04-17 00:00:00
2026-04-20 15:05:46,600 [INFO] Updated DD_Baltija_cenas_CircleK_nozarelv.csv. Newest record: 2026-04-17 00:00:00
2026-04-20 15:05:46,600 [INFO] Scrape session finished.
2026-04-21 11:42:42,988 [INFO] Scrape session started.
2026-04-21 11:42:44,622 [INFO] Updated 95E_LV_cenas_nozarelv.csv. Newest record: 2026-04-21 00:00:00
2026-04-21 11:42:46,311 [INFO] Updated DD_LV_cenas_nozarelv.csv. Newest record: 2026-04-21 00:00:00
2026-04-21 11:42:48,048 [INFO] Updated 95E_Baltija_cenas_CircleK_nozarelv.csv. Newest record: 2026-04-17 00:00:00
2026-04-21 11:42:49,431 [INFO] Updated DD_Baltija_cenas_CircleK_nozarelv.csv. Newest record: 2026-04-17 00:00:00
2026-04-21 11:42:49,431 [INFO] Scrape session finished.
2026-04-21 14:59:18,321 [INFO] Scrape session started.
2026-04-21 14:59:20,180 [INFO] Updated 95E_LV_cenas_nozarelv.csv. Newest record: 2026-04-21 00:00:00
2026-04-21 14:59:21,868 [INFO] Updated DD_LV_cenas_nozarelv.csv. Newest record: 2026-04-21 00:00:00
2026-04-21 14:59:23,663 [INFO] Updated 95E_Baltija_cenas_CircleK_nozarelv.csv. Newest record: 2026-04-17 00:00:00
2026-04-21 14:59:25,511 [INFO] Updated DD_Baltija_cenas_CircleK_nozarelv.csv. Newest record: 2026-04-17 00:00:00
2026-04-21 14:59:25,512 [INFO] Scrape session finished.
2026-04-22 11:41:05,823 [INFO] Scrape session started.
2026-04-22 11:41:07,851 [INFO] Updated 95E_LV_cenas_nozarelv.csv. Newest record: 2026-04-22 00:00:00
2026-04-22 11:41:09,705 [INFO] Updated DD_LV_cenas_nozarelv.csv. Newest record: 2026-04-22 00:00:00
2026-04-22 11:41:11,516 [INFO] Updated 95E_Baltija_cenas_CircleK_nozarelv.csv. Newest record: 2026-04-17 00:00:00
2026-04-22 11:41:13,454 [INFO] Updated DD_Baltija_cenas_CircleK_nozarelv.csv. Newest record: 2026-04-17 00:00:00
2026-04-22 11:41:13,454 [INFO] Scrape session finished.
2026-04-22 15:00:18,619 [INFO] Scrape session started.
2026-04-22 15:00:20,136 [INFO] Updated 95E_LV_cenas_nozarelv.csv. Newest record: 2026-04-22 00:00:00
2026-04-22 15:00:21,787 [INFO] Updated DD_LV_cenas_nozarelv.csv. Newest record: 2026-04-22 00:00:00
2026-04-22 15:00:23,550 [INFO] Updated 95E_Baltija_cenas_CircleK_nozarelv.csv. Newest record: 2026-04-17 00:00:00
2026-04-22 15:00:25,103 [INFO] Updated DD_Baltija_cenas_CircleK_nozarelv.csv. Newest record: 2026-04-17 00:00:00
2026-04-22 15:00:25,103 [INFO] Scrape session finished.
2026-04-23 11:42:22,276 [INFO] Scrape session started.
2026-04-23 11:42:24,521 [INFO] Updated 95E_LV_cenas_nozarelv.csv. Newest record: 2026-04-23 00:00:00
2026-04-23 11:42:26,301 [INFO] Updated DD_LV_cenas_nozarelv.csv. Newest record: 2026-04-23 00:00:00
2026-04-23 11:42:28,501 [INFO] Updated 95E_Baltija_cenas_CircleK_nozarelv.csv. Newest record: 2026-04-17 00:00:00
2026-04-23 11:42:30,133 [INFO] Updated DD_Baltija_cenas_CircleK_nozarelv.csv. Newest record: 2026-04-17 00:00:00
2026-04-23 11:42:30,133 [INFO] Scrape session finished.
2026-04-23 16:18:37,260 [INFO] Scrape session started.
2026-04-23 16:18:39,781 [INFO] Updated 95E_LV_cenas_nozarelv.csv. Newest record: 2026-04-23 00:00:00
2026-04-23 16:18:41,485 [INFO] Updated DD_LV_cenas_nozarelv.csv. Newest record: 2026-04-23 00:00:00
2026-04-23 16:18:43,037 [INFO] Updated 95E_Baltija_cenas_CircleK_nozarelv.csv. Newest record: 2026-04-17 00:00:00
2026-04-23 16:18:44,958 [INFO] Updated DD_Baltija_cenas_CircleK_nozarelv.csv. Newest record: 2026-04-17 00:00:00
2026-04-23 16:18:44,959 [INFO] Scrape session finished.
2026-04-24 11:43:22,473 [INFO] Scrape session started.
2026-04-24 11:43:24,760 [INFO] Updated 95E_LV_cenas_nozarelv.csv. Newest record: 2026-04-24 00:00:00
2026-04-24 11:43:26,970 [INFO] Updated DD_LV_cenas_nozarelv.csv. Newest record: 2026-04-24 00:00:00
2026-04-24 11:43:29,240 [INFO] Updated 95E_Baltija_cenas_CircleK_nozarelv.csv. Newest record: 2026-04-24 00:00:00
2026-04-24 11:43:31,535 [INFO] Updated DD_Baltija_cenas_CircleK_nozarelv.csv. Newest record: 2026-04-24 00:00:00
2026-04-24 11:43:31,535 [INFO] Scrape session finished.
2026-04-24 14:54:18,759 [INFO] Scrape session started.
2026-04-24 14:54:20,510 [INFO] Updated 95E_LV_cenas_nozarelv.csv. Newest record: 2026-04-24 00:00:00
2026-04-24 14:54:22,150 [INFO] Updated DD_LV_cenas_nozarelv.csv. Newest record: 2026-04-24 00:00:00
2026-04-24 14:54:23,818 [INFO] Updated 95E_Baltija_cenas_CircleK_nozarelv.csv. Newest record: 2026-04-24 00:00:00
2026-04-24 14:54:25,254 [INFO] Updated DD_Baltija_cenas_CircleK_nozarelv.csv. Newest record: 2026-04-24 00:00:00
2026-04-24 14:54:25,255 [INFO] Scrape session finished.
2026-04-25 10:10:14,661 [INFO] Scrape session started.
2026-04-25 10:10:16,376 [INFO] Updated 95E_LV_cenas_nozarelv.csv. Newest record: 2026-04-24 00:00:00
2026-04-25 10:10:18,025 [INFO] Updated DD_LV_cenas_nozarelv.csv. Newest record: 2026-04-24 00:00:00
2026-04-25 10:10:19,754 [INFO] Updated 95E_Baltija_cenas_CircleK_nozarelv.csv. Newest record: 2026-04-24 00:00:00
2026-04-25 10:10:21,041 [INFO] Updated DD_Baltija_cenas_CircleK_nozarelv.csv. Newest record: 2026-04-24 00:00:00
2026-04-25 10:10:21,042 [INFO] Scrape session finished.
2026-04-25 11:56:29,986 [INFO] Scrape session started.
2026-04-25 11:56:32,368 [INFO] Updated 95E_LV_cenas_nozarelv.csv. Newest record: 2026-04-24 00:00:00
2026-04-25 11:56:34,558 [INFO] Updated DD_LV_cenas_nozarelv.csv. Newest record: 2026-04-24 00:00:00
2026-04-25 11:56:36,703 [INFO] Updated 95E_Baltija_cenas_CircleK_nozarelv.csv. Newest record: 2026-04-24 00:00:00
2026-04-25 11:56:38,847 [INFO] Updated DD_Baltija_cenas_CircleK_nozarelv.csv. Newest record: 2026-04-24 00:00:00
2026-04-25 11:56:38,847 [INFO] Scrape session finished.
2026-04-26 10:12:24,650 [INFO] Scrape session started.
2026-04-26 10:12:26,825 [INFO] Updated 95E_LV_cenas_nozarelv.csv. Newest record: 2026-04-24 00:00:00
2026-04-26 10:12:28,994 [INFO] Updated DD_LV_cenas_nozarelv.csv. Newest record: 2026-04-24 00:00:00
2026-04-26 10:12:31,201 [INFO] Updated 95E_Baltija_cenas_CircleK_nozarelv.csv. Newest record: 2026-04-24 00:00:00
2026-04-26 10:12:33,039 [INFO] Updated DD_Baltija_cenas_CircleK_nozarelv.csv. Newest record: 2026-04-24 00:00:00
2026-04-26 10:12:33,039 [INFO] Scrape session finished.
2026-04-26 11:58:37,088 [INFO] Scrape session started.
2026-04-26 11:58:39,113 [INFO] Updated 95E_LV_cenas_nozarelv.csv. Newest record: 2026-04-24 00:00:00
2026-04-26 11:58:40,650 [INFO] Updated DD_LV_cenas_nozarelv.csv. Newest record: 2026-04-24 00:00:00
2026-04-26 11:58:42,089 [INFO] Updated 95E_Baltija_cenas_CircleK_nozarelv.csv. Newest record: 2026-04-24 00:00:00
2026-04-26 11:58:43,623 [INFO] Updated DD_Baltija_cenas_CircleK_nozarelv.csv. Newest record: 2026-04-24 00:00:00
2026-04-26 11:58:43,623 [INFO] Scrape session finished.
2026-04-27 12:23:07,737 [INFO] Scrape session started.
2026-04-27 12:23:09,988 [INFO] Updated 95E_LV_cenas_nozarelv.csv. Newest record: 2026-04-27 00:00:00
2026-04-27 12:23:12,095 [INFO] Updated DD_LV_cenas_nozarelv.csv. Newest record: 2026-04-27 00:00:00
2026-04-27 12:23:13,854 [INFO] Updated 95E_Baltija_cenas_CircleK_nozarelv.csv. Newest record: 2026-04-24 00:00:00
2026-04-27 12:23:16,153 [INFO] Updated DD_Baltija_cenas_CircleK_nozarelv.csv. Newest record: 2026-04-24 00:00:00
2026-04-27 12:23:16,153 [INFO] Scrape session finished.
2026-04-27 16:00:51,913 [INFO] Scrape session started.
2026-04-27 16:00:53,553 [INFO] Updated 95E_LV_cenas_nozarelv.csv. Newest record: 2026-04-27 00:00:00
2026-04-27 16:00:54,878 [INFO] Updated DD_LV_cenas_nozarelv.csv. Newest record: 2026-04-27 00:00:00
2026-04-27 16:00:56,543 [INFO] Updated 95E_Baltija_cenas_CircleK_nozarelv.csv. Newest record: 2026-04-24 00:00:00
2026-04-27 16:00:57,960 [INFO] Updated DD_Baltija_cenas_CircleK_nozarelv.csv. Newest record: 2026-04-24 00:00:00
2026-04-27 16:00:57,960 [INFO] Scrape session finished.
2026-04-28 13:19:22,400 [INFO] Scrape session started.
2026-04-28 13:19:24,063 [INFO] Updated 95E_LV_cenas_nozarelv.csv. Newest record: 2026-04-28 00:00:00
2026-04-28 13:19:25,554 [INFO] Updated DD_LV_cenas_nozarelv.csv. Newest record: 2026-04-28 00:00:00
2026-04-28 13:19:27,150 [INFO] Updated 95E_Baltija_cenas_CircleK_nozarelv.csv. Newest record: 2026-04-24 00:00:00
2026-04-28 13:19:28,754 [INFO] Updated DD_Baltija_cenas_CircleK_nozarelv.csv. Newest record: 2026-04-24 00:00:00
2026-04-28 13:19:28,754 [INFO] Scrape session finished.
2026-04-28 16:25:53,308 [INFO] Scrape session started.
2026-04-28 16:25:55,096 [INFO] Updated 95E_LV_cenas_nozarelv.csv. Newest record: 2026-04-28 00:00:00
2026-04-28 16:25:56,843 [INFO] Updated DD_LV_cenas_nozarelv.csv. Newest record: 2026-04-28 00:00:00
2026-04-28 16:25:58,630 [INFO] Updated 95E_Baltija_cenas_CircleK_nozarelv.csv. Newest record: 2026-04-24 00:00:00
2026-04-28 16:26:00,426 [INFO] Updated DD_Baltija_cenas_CircleK_nozarelv.csv. Newest record: 2026-04-24 00:00:00
2026-04-28 16:26:00,426 [INFO] Scrape session finished.
2026-04-29 12:21:45,407 [INFO] Scrape session started.
2026-04-29 12:21:46,944 [INFO] Updated 95E_LV_cenas_nozarelv.csv. Newest record: 2026-04-29 00:00:00
2026-04-29 12:21:48,245 [INFO] Updated DD_LV_cenas_nozarelv.csv. Newest record: 2026-04-29 00:00:00
2026-04-29 12:21:49,663 [INFO] Updated 95E_Baltija_cenas_CircleK_nozarelv.csv. Newest record: 2026-04-24 00:00:00
2026-04-29 12:21:51,301 [INFO] Updated DD_Baltija_cenas_CircleK_nozarelv.csv. Newest record: 2026-04-24 00:00:00
2026-04-29 12:21:51,301 [INFO] Scrape session finished.
2026-04-29 16:16:03,341 [INFO] Scrape session started.
2026-04-29 16:16:05,715 [INFO] Updated 95E_LV_cenas_nozarelv.csv. Newest record: 2026-04-29 00:00:00
2026-04-29 16:16:07,706 [INFO] Updated DD_LV_cenas_nozarelv.csv. Newest record: 2026-04-29 00:00:00
2026-04-29 16:16:10,122 [INFO] Updated 95E_Baltija_cenas_CircleK_nozarelv.csv. Newest record: 2026-04-24 00:00:00
2026-04-29 16:16:12,674 [INFO] Updated DD_Baltija_cenas_CircleK_nozarelv.csv. Newest record: 2026-04-24 00:00:00
2026-04-29 16:16:12,674 [INFO] Scrape session finished.
2026-04-30 12:06:19,388 [INFO] Scrape session started.
2026-04-30 12:06:21,467 [INFO] Updated 95E_LV_cenas_nozarelv.csv. Newest record: 2026-04-30 00:00:00
2026-04-30 12:06:23,280 [INFO] Updated DD_LV_cenas_nozarelv.csv. Newest record: 2026-04-30 00:00:00
2026-04-30 12:06:25,058 [INFO] Updated 95E_Baltija_cenas_CircleK_nozarelv.csv. Newest record: 2026-04-24 00:00:00
2026-04-30 12:06:27,270 [INFO] Updated DD_Baltija_cenas_CircleK_nozarelv.csv. Newest record: 2026-04-24 00:00:00
2026-04-30 12:06:27,271 [INFO] Scrape session finished.
2026-04-30 15:57:37,834 [INFO] Scrape session started.
2026-04-30 15:57:39,443 [INFO] Updated 95E_LV_cenas_nozarelv.csv. Newest record: 2026-04-30 00:00:00
2026-04-30 15:57:40,999 [INFO] Updated DD_LV_cenas_nozarelv.csv. Newest record: 2026-04-30 00:00:00
2026-04-30 15:57:42,639 [INFO] Updated 95E_Baltija_cenas_CircleK_nozarelv.csv. Newest record: 2026-04-30 00:00:00
2026-04-30 15:57:44,016 [INFO] Updated DD_Baltija_cenas_CircleK_nozarelv.csv. Newest record: 2026-04-30 00:00:00
2026-04-30 15:57:44,016 [INFO] Scrape session finished.
2026-05-01 09:18:18,795 [INFO] Scrape session started.
2026-05-01 09:18:20,379 [INFO] Updated 95E_LV_cenas_nozarelv.csv. Newest record: 2026-04-30 00:00:00
2026-05-01 09:18:21,912 [INFO] Updated DD_LV_cenas_nozarelv.csv. Newest record: 2026-04-30 00:00:00
2026-05-01 09:18:23,530 [INFO] Updated 95E_Baltija_cenas_CircleK_nozarelv.csv. Newest record: 2026-04-30 00:00:00
2026-05-01 09:18:25,048 [INFO] Updated DD_Baltija_cenas_CircleK_nozarelv.csv. Newest record: 2026-04-30 00:00:00
2026-05-01 09:18:25,048 [INFO] Scrape session finished.
2026-05-01 10:57:31,638 [INFO] Scrape session started.
2026-05-01 10:57:33,609 [INFO] Updated 95E_LV_cenas_nozarelv.csv. Newest record: 2026-04-30 00:00:00
2026-05-01 10:57:35,728 [INFO] Updated DD_LV_cenas_nozarelv.csv. Newest record: 2026-04-30 00:00:00
2026-05-01 10:57:37,723 [INFO] Updated 95E_Baltija_cenas_CircleK_nozarelv.csv. Newest record: 2026-04-30 00:00:00
2026-05-01 10:57:39,530 [INFO] Updated DD_Baltija_cenas_CircleK_nozarelv.csv. Newest record: 2026-04-30 00:00:00
2026-05-01 10:57:39,530 [INFO] Scrape session finished.
2026-05-02 08:51:08,242 [INFO] Scrape session started.
2026-05-02 08:51:10,225 [INFO] Updated 95E_LV_cenas_nozarelv.csv. Newest record: 2026-04-30 00:00:00
2026-05-02 08:51:12,193 [INFO] Updated DD_LV_cenas_nozarelv.csv. Newest record: 2026-04-30 00:00:00
2026-05-02 08:51:14,317 [INFO] Updated 95E_Baltija_cenas_CircleK_nozarelv.csv. Newest record: 2026-04-30 00:00:00
2026-05-02 08:51:16,293 [INFO] Updated DD_Baltija_cenas_CircleK_nozarelv.csv. Newest record: 2026-04-30 00:00:00
2026-05-02 08:51:16,293 [INFO] Scrape session finished.
2026-05-02 10:34:33,428 [INFO] Scrape session started.
2026-05-02 10:34:34,963 [INFO] Updated 95E_LV_cenas_nozarelv.csv. Newest record: 2026-04-30 00:00:00
2026-05-02 10:34:36,550 [INFO] Updated DD_LV_cenas_nozarelv.csv. Newest record: 2026-04-30 00:00:00
2026-05-02 10:34:38,252 [INFO] Updated 95E_Baltija_cenas_CircleK_nozarelv.csv. Newest record: 2026-04-30 00:00:00
2026-05-02 10:34:39,830 [INFO] Updated DD_Baltija_cenas_CircleK_nozarelv.csv. Newest record: 2026-04-30 00:00:00
2026-05-02 10:34:39,830 [INFO] Scrape session finished.
2026-05-03 09:06:27,339 [INFO] Scrape session started.
2026-05-03 09:06:29,119 [INFO] Updated 95E_LV_cenas_nozarelv.csv. Newest record: 2026-04-30 00:00:00
2026-05-03 09:06:30,916 [INFO] Updated DD_LV_cenas_nozarelv.csv. Newest record: 2026-04-30 00:00:00
2026-05-03 09:06:32,868 [INFO] Updated 95E_Baltija_cenas_CircleK_nozarelv.csv. Newest record: 2026-04-30 00:00:00
2026-05-03 09:06:34,675 [INFO] Updated DD_Baltija_cenas_CircleK_nozarelv.csv. Newest record: 2026-04-30 00:00:00
2026-05-03 09:06:34,675 [INFO] Scrape session finished.
2026-05-03 10:37:40,163 [INFO] Scrape session started.
2026-05-03 10:37:41,744 [INFO] Updated 95E_LV_cenas_nozarelv.csv. Newest record: 2026-04-30 00:00:00
2026-05-03 10:37:43,298 [INFO] Updated DD_LV_cenas_nozarelv.csv. Newest record: 2026-04-30 00:00:00
2026-05-03 10:37:44,853 [INFO] Updated 95E_Baltija_cenas_CircleK_nozarelv.csv. Newest record: 2026-04-30 00:00:00
2026-05-03 10:37:46,171 [INFO] Updated DD_Baltija_cenas_CircleK_nozarelv.csv. Newest record: 2026-04-30 00:00:00
2026-05-03 10:37:46,172 [INFO] Scrape session finished.
2026-05-04 09:38:35,564 [INFO] Scrape session started.
2026-05-04 09:38:37,545 [INFO] Updated 95E_LV_cenas_nozarelv.csv. Newest record: 2026-04-30 00:00:00
2026-05-04 09:38:39,779 [INFO] Updated DD_LV_cenas_nozarelv.csv. Newest record: 2026-04-30 00:00:00
2026-05-04 09:38:42,086 [INFO] Updated 95E_Baltija_cenas_CircleK_nozarelv.csv. Newest record: 2026-04-30 00:00:00
2026-05-04 09:38:43,878 [INFO] Updated DD_Baltija_cenas_CircleK_nozarelv.csv. Newest record: 2026-04-30 00:00:00
2026-05-04 09:38:43,879 [INFO] Scrape session finished.
2026-05-04 11:26:53,949 [INFO] Scrape session started.
2026-05-04 11:26:55,847 [INFO] Updated 95E_LV_cenas_nozarelv.csv. Newest record: 2026-04-30 00:00:00
2026-05-04 11:26:57,750 [INFO] Updated DD_LV_cenas_nozarelv.csv. Newest record: 2026-04-30 00:00:00
2026-05-04 11:26:59,593 [INFO] Updated 95E_Baltija_cenas_CircleK_nozarelv.csv. Newest record: 2026-04-30 00:00:00
2026-05-04 11:27:01,472 [INFO] Updated DD_Baltija_cenas_CircleK_nozarelv.csv. Newest record: 2026-04-30 00:00:00
2026-05-04 11:27:01,472 [INFO] Scrape session finished.
2026-05-05 09:30:29,363 [INFO] Scrape session started.
2026-05-05 09:30:31,376 [INFO] Updated 95E_LV_cenas_nozarelv.csv. Newest record: 2026-05-05 00:00:00
2026-05-05 09:30:32,988 [INFO] Updated DD_LV_cenas_nozarelv.csv. Newest record: 2026-05-05 00:00:00
2026-05-05 09:30:34,682 [INFO] Updated 95E_Baltija_cenas_CircleK_nozarelv.csv. Newest record: 2026-04-30 00:00:00
2026-05-05 09:30:36,861 [INFO] Updated DD_Baltija_cenas_CircleK_nozarelv.csv. Newest record: 2026-04-30 00:00:00
2026-05-05 09:30:36,862 [INFO] Scrape session finished.
2026-05-05 11:06:01,452 [INFO] Scrape session started.
2026-05-05 11:06:02,952 [INFO] Updated 95E_LV_cenas_nozarelv.csv. Newest record: 2026-05-05 00:00:00
2026-05-05 11:06:04,445 [INFO] Updated DD_LV_cenas_nozarelv.csv. Newest record: 2026-05-05 00:00:00
2026-05-05 11:06:05,992 [INFO] Updated 95E_Baltija_cenas_CircleK_nozarelv.csv. Newest record: 2026-04-30 00:00:00
2026-05-05 11:06:07,250 [INFO] Updated DD_Baltija_cenas_CircleK_nozarelv.csv. Newest record: 2026-04-30 00:00:00
2026-05-05 11:06:07,250 [INFO] Scrape session finished.
2026-05-06 09:59:38,338 [INFO] Scrape session started.
2026-05-06 09:59:39,919 [INFO] Updated 95E_LV_cenas_nozarelv.csv. Newest record: 2026-05-06 00:00:00
2026-05-06 09:59:41,446 [INFO] Updated DD_LV_cenas_nozarelv.csv. Newest record: 2026-05-06 00:00:00
2026-05-06 09:59:42,771 [INFO] Updated 95E_Baltija_cenas_CircleK_nozarelv.csv. Newest record: 2026-04-30 00:00:00
2026-05-06 09:59:44,338 [INFO] Updated DD_Baltija_cenas_CircleK_nozarelv.csv. Newest record: 2026-04-30 00:00:00
2026-05-06 09:59:44,338 [INFO] Scrape session finished.
2026-05-06 11:30:07,291 [INFO] Scrape session started.
2026-05-06 11:30:09,881 [INFO] Updated 95E_LV_cenas_nozarelv.csv. Newest record: 2026-05-06 00:00:00
2026-05-06 11:30:12,134 [INFO] Updated DD_LV_cenas_nozarelv.csv. Newest record: 2026-05-06 00:00:00
2026-05-06 11:30:14,035 [INFO] Updated 95E_Baltija_cenas_CircleK_nozarelv.csv. Newest record: 2026-04-30 00:00:00
2026-05-06 11:30:16,014 [INFO] Updated DD_Baltija_cenas_CircleK_nozarelv.csv. Newest record: 2026-04-30 00:00:00
2026-05-06 11:30:16,014 [INFO] Scrape session finished.
2026-05-07 10:02:22,523 [INFO] Scrape session started.
2026-05-07 10:02:24,093 [INFO] Updated 95E_LV_cenas_nozarelv.csv. Newest record: 2026-05-07 00:00:00
2026-05-07 10:02:25,606 [INFO] Updated DD_LV_cenas_nozarelv.csv. Newest record: 2026-05-07 00:00:00
2026-05-07 10:02:27,239 [INFO] Updated 95E_Baltija_cenas_CircleK_nozarelv.csv. Newest record: 2026-04-30 00:00:00
2026-05-07 10:02:28,726 [INFO] Updated DD_Baltija_cenas_CircleK_nozarelv.csv. Newest record: 2026-04-30 00:00:00
2026-05-07 10:02:28,726 [INFO] Scrape session finished.
2026-05-07 11:29:13,919 [INFO] Scrape session started.
2026-05-07 11:29:15,445 [INFO] Updated 95E_LV_cenas_nozarelv.csv. Newest record: 2026-05-07 00:00:00
2026-05-07 11:29:16,998 [INFO] Updated DD_LV_cenas_nozarelv.csv. Newest record: 2026-05-07 00:00:00
2026-05-07 11:29:18,534 [INFO] Updated 95E_Baltija_cenas_CircleK_nozarelv.csv. Newest record: 2026-04-30 00:00:00
2026-05-07 11:29:20,071 [INFO] Updated DD_Baltija_cenas_CircleK_nozarelv.csv. Newest record: 2026-04-30 00:00:00
2026-05-07 11:29:20,071 [INFO] Scrape session finished.
2026-05-08 08:57:47,622 [INFO] Scrape session started.
2026-05-08 08:57:49,236 [INFO] Updated 95E_LV_cenas_nozarelv.csv. Newest record: 2026-05-08 00:00:00
2026-05-08 08:57:50,832 [INFO] Updated DD_LV_cenas_nozarelv.csv. Newest record: 2026-05-08 00:00:00
2026-05-08 08:57:52,393 [INFO] Updated 95E_Baltija_cenas_CircleK_nozarelv.csv. Newest record: 2026-04-30 00:00:00
2026-05-08 08:57:53,956 [INFO] Updated DD_Baltija_cenas_CircleK_nozarelv.csv. Newest record: 2026-04-30 00:00:00
2026-05-08 08:57:53,956 [INFO] Scrape session finished.
2026-05-08 10:57:05,601 [INFO] Scrape session started.
2026-05-08 10:57:07,414 [INFO] Updated 95E_LV_cenas_nozarelv.csv. Newest record: 2026-05-08 00:00:00
2026-05-08 10:57:08,779 [INFO] Updated DD_LV_cenas_nozarelv.csv. Newest record: 2026-05-08 00:00:00
2026-05-08 10:57:10,287 [INFO] Updated 95E_Baltija_cenas_CircleK_nozarelv.csv. Newest record: 2026-04-30 00:00:00
2026-05-08 10:57:12,078 [INFO] Updated DD_Baltija_cenas_CircleK_nozarelv.csv. Newest record: 2026-04-30 00:00:00
2026-05-08 10:57:12,078 [INFO] Scrape session finished.
2026-05-09 09:01:40,533 [INFO] Scrape session started.
2026-05-09 09:01:42,465 [INFO] Updated 95E_LV_cenas_nozarelv.csv. Newest record: 2026-05-08 00:00:00
2026-05-09 09:01:44,693 [INFO] Updated DD_LV_cenas_nozarelv.csv. Newest record: 2026-05-08 00:00:00
2026-05-09 09:01:46,502 [INFO] Updated 95E_Baltija_cenas_CircleK_nozarelv.csv. Newest record: 2026-05-08 00:00:00
2026-05-09 09:01:48,726 [INFO] Updated DD_Baltija_cenas_CircleK_nozarelv.csv. Newest record: 2026-05-08 00:00:00
2026-05-09 09:01:48,726 [INFO] Scrape session finished.
2026-05-09 10:37:38,600 [INFO] Scrape session started.
2026-05-09 10:37:40,555 [INFO] Updated 95E_LV_cenas_nozarelv.csv. Newest record: 2026-05-08 00:00:00
2026-05-09 10:37:42,656 [INFO] Updated DD_LV_cenas_nozarelv.csv. Newest record: 2026-05-08 00:00:00
2026-05-09 10:37:44,790 [INFO] Updated 95E_Baltija_cenas_CircleK_nozarelv.csv. Newest record: 2026-05-08 00:00:00
2026-05-09 10:37:46,765 [INFO] Updated DD_Baltija_cenas_CircleK_nozarelv.csv. Newest record: 2026-05-08 00:00:00
2026-05-09 10:37:46,765 [INFO] Scrape session finished.
2026-05-10 09:14:34,065 [INFO] Scrape session started.
2026-05-10 09:14:36,147 [INFO] Updated 95E_LV_cenas_nozarelv.csv. Newest record: 2026-05-08 00:00:00
2026-05-10 09:14:37,824 [INFO] Updated DD_LV_cenas_nozarelv.csv. Newest record: 2026-05-08 00:00:00
2026-05-10 09:14:39,313 [INFO] Updated 95E_Baltija_cenas_CircleK_nozarelv.csv. Newest record: 2026-05-08 00:00:00
2026-05-10 09:14:40,652 [INFO] Updated DD_Baltija_cenas_CircleK_nozarelv.csv. Newest record: 2026-05-08 00:00:00
2026-05-10 09:14:40,652 [INFO] Scrape session finished.
2026-05-10 10:47:51,262 [INFO] Scrape session started.
2026-05-10 10:47:53,327 [INFO] Updated 95E_LV_cenas_nozarelv.csv. Newest record: 2026-05-08 00:00:00
2026-05-10 10:47:54,928 [INFO] Updated DD_LV_cenas_nozarelv.csv. Newest record: 2026-05-08 00:00:00
2026-05-10 10:47:56,817 [INFO] Updated 95E_Baltija_cenas_CircleK_nozarelv.csv. Newest record: 2026-05-08 00:00:00
2026-05-10 10:47:58,904 [INFO] Updated DD_Baltija_cenas_CircleK_nozarelv.csv. Newest record: 2026-05-08 00:00:00
2026-05-10 10:47:58,904 [INFO] Scrape session finished.
2026-05-11 10:47:24,881 [INFO] Scrape session started.
2026-05-11 10:47:26,500 [INFO] Updated 95E_LV_cenas_nozarelv.csv. Newest record: 2026-05-11 00:00:00
2026-05-11 10:47:28,456 [INFO] Updated DD_LV_cenas_nozarelv.csv. Newest record: 2026-05-11 00:00:00
2026-05-11 10:47:30,033 [INFO] Updated 95E_Baltija_cenas_CircleK_nozarelv.csv. Newest record: 2026-05-08 00:00:00
2026-05-11 10:47:31,417 [INFO] Updated DD_Baltija_cenas_CircleK_nozarelv.csv. Newest record: 2026-05-08 00:00:00
2026-05-11 10:47:31,418 [INFO] Scrape session finished.
2026-05-11 12:32:15,683 [INFO] Scrape session started.
2026-05-11 12:32:17,973 [INFO] Updated 95E_LV_cenas_nozarelv.csv. Newest record: 2026-05-11 00:00:00
2026-05-11 12:32:19,761 [INFO] Updated DD_LV_cenas_nozarelv.csv. Newest record: 2026-05-11 00:00:00
2026-05-11 12:32:22,043 [INFO] Updated 95E_Baltija_cenas_CircleK_nozarelv.csv. Newest record: 2026-05-08 00:00:00
2026-05-11 12:32:24,383 [INFO] Updated DD_Baltija_cenas_CircleK_nozarelv.csv. Newest record: 2026-05-08 00:00:00
2026-05-11 12:32:24,383 [INFO] Scrape session finished.
2026-05-12 10:08:35,104 [INFO] Scrape session started.
2026-05-12 10:08:36,565 [INFO] Updated 95E_LV_cenas_nozarelv.csv. Newest record: 2026-05-12 00:00:00
2026-05-12 10:08:38,081 [INFO] Updated DD_LV_cenas_nozarelv.csv. Newest record: 2026-05-12 00:00:00
2026-05-12 10:08:39,598 [INFO] Updated 95E_Baltija_cenas_CircleK_nozarelv.csv. Newest record: 2026-05-08 00:00:00
2026-05-12 10:08:41,096 [INFO] Updated DD_Baltija_cenas_CircleK_nozarelv.csv. Newest record: 2026-05-08 00:00:00
2026-05-12 10:08:41,096 [INFO] Scrape session finished.
2026-05-12 11:34:22,682 [INFO] Scrape session started.
2026-05-12 11:34:25,615 [INFO] Updated 95E_LV_cenas_nozarelv.csv. Newest record: 2026-05-12 00:00:00
2026-05-12 11:34:27,770 [INFO] Updated DD_LV_cenas_nozarelv.csv. Newest record: 2026-05-12 00:00:00
2026-05-12 11:34:30,074 [INFO] Updated 95E_Baltija_cenas_CircleK_nozarelv.csv. Newest record: 2026-05-08 00:00:00
2026-05-12 11:34:32,720 [INFO] Updated DD_Baltija_cenas_CircleK_nozarelv.csv. Newest record: 2026-05-08 00:00:00
2026-05-12 11:34:32,720 [INFO] Scrape session finished.
2026-05-13 10:06:41,600 [INFO] Scrape session started.
2026-05-13 10:06:43,651 [INFO] Updated 95E_LV_cenas_nozarelv.csv. Newest record: 2026-05-13 00:00:00
2026-05-13 10:06:45,980 [INFO] Updated DD_LV_cenas_nozarelv.csv. Newest record: 2026-05-13 00:00:00
2026-05-13 10:06:48,116 [INFO] Updated 95E_Baltija_cenas_CircleK_nozarelv.csv. Newest record: 2026-05-08 00:00:00
2026-05-13 10:06:49,669 [INFO] Updated DD_Baltija_cenas_CircleK_nozarelv.csv. Newest record: 2026-05-08 00:00:00
2026-05-13 10:06:49,669 [INFO] Scrape session finished.
2026-05-13 11:51:17,003 [INFO] Scrape session started.
2026-05-13 11:51:19,506 [INFO] Updated 95E_LV_cenas_nozarelv.csv. Newest record: 2026-05-13 00:00:00
2026-05-13 11:51:21,654 [INFO] Updated DD_LV_cenas_nozarelv.csv. Newest record: 2026-05-13 00:00:00
2026-05-13 11:51:23,834 [INFO] Updated 95E_Baltija_cenas_CircleK_nozarelv.csv. Newest record: 2026-05-08 00:00:00
2026-05-13 11:51:26,139 [INFO] Updated DD_Baltija_cenas_CircleK_nozarelv.csv. Newest record: 2026-05-08 00:00:00
2026-05-13 11:51:26,139 [INFO] Scrape session finished.
2026-05-14 09:57:29,186 [INFO] Scrape session started.
2026-05-14 09:57:30,750 [INFO] Updated 95E_LV_cenas_nozarelv.csv. Newest record: 2026-05-14 00:00:00
2026-05-14 09:57:32,008 [INFO] Updated DD_LV_cenas_nozarelv.csv. Newest record: 2026-05-14 00:00:00
2026-05-14 09:57:33,691 [INFO] Updated 95E_Baltija_cenas_CircleK_nozarelv.csv. Newest record: 2026-05-08 00:00:00
2026-05-14 09:57:35,264 [INFO] Updated DD_Baltija_cenas_CircleK_nozarelv.csv. Newest record: 2026-05-08 00:00:00
2026-05-14 09:57:35,264 [INFO] Scrape session finished.
2026-05-14 11:28:41,859 [INFO] Scrape session started.
2026-05-14 11:28:44,106 [INFO] Updated 95E_LV_cenas_nozarelv.csv. Newest record: 2026-05-14 00:00:00
2026-05-14 11:28:46,158 [INFO] Updated DD_LV_cenas_nozarelv.csv. Newest record: 2026-05-14 00:00:00
2026-05-14 11:28:48,319 [INFO] Updated 95E_Baltija_cenas_CircleK_nozarelv.csv. Newest record: 2026-05-08 00:00:00
2026-05-14 11:28:50,082 [INFO] Updated DD_Baltija_cenas_CircleK_nozarelv.csv. Newest record: 2026-05-08 00:00:00
2026-05-14 11:28:50,082 [INFO] Scrape session finished.
2026-05-15 10:03:11,382 [INFO] Scrape session started.
2026-05-15 10:03:13,347 [INFO] Updated 95E_LV_cenas_nozarelv.csv. Newest record: 2026-05-15 00:00:00
2026-05-15 10:03:15,204 [INFO] Updated DD_LV_cenas_nozarelv.csv. Newest record: 2026-05-15 00:00:00
2026-05-15 10:03:16,876 [INFO] Updated 95E_Baltija_cenas_CircleK_nozarelv.csv. Newest record: 2026-05-08 00:00:00
2026-05-15 10:03:18,832 [INFO] Updated DD_Baltija_cenas_CircleK_nozarelv.csv. Newest record: 2026-05-08 00:00:00
2026-05-15 10:03:18,832 [INFO] Scrape session finished.
2026-05-15 11:36:06,535 [INFO] Scrape session started.
2026-05-15 11:36:08,494 [INFO] Updated 95E_LV_cenas_nozarelv.csv. Newest record: 2026-05-15 00:00:00
2026-05-15 11:36:10,659 [INFO] Updated DD_LV_cenas_nozarelv.csv. Newest record: 2026-05-15 00:00:00
2026-05-15 11:36:12,650 [INFO] Updated 95E_Baltija_cenas_CircleK_nozarelv.csv. Newest record: 2026-05-08 00:00:00
2026-05-15 11:36:14,224 [INFO] Updated DD_Baltija_cenas_CircleK_nozarelv.csv. Newest record: 2026-05-08 00:00:00
2026-05-15 11:36:14,224 [INFO] Scrape session finished.
2026-05-16 09:13:44,119 [INFO] Scrape session started.
2026-05-16 09:13:45,885 [INFO] Updated 95E_LV_cenas_nozarelv.csv. Newest record: 2026-05-15 00:00:00
2026-05-16 09:13:47,504 [INFO] Updated DD_LV_cenas_nozarelv.csv. Newest record: 2026-05-15 00:00:00
2026-05-16 09:13:48,982 [INFO] Updated 95E_Baltija_cenas_CircleK_nozarelv.csv. Newest record: 2026-05-15 00:00:00
2026-05-16 09:13:50,757 [INFO] Updated DD_Baltija_cenas_CircleK_nozarelv.csv. Newest record: 2026-05-15 00:00:00
2026-05-16 09:13:50,757 [INFO] Scrape session finished.
2026-05-16 10:48:41,709 [INFO] Scrape session started.
2026-05-16 10:48:43,676 [INFO] Updated 95E_LV_cenas_nozarelv.csv. Newest record: 2026-05-15 00:00:00
2026-05-16 10:48:45,863 [INFO] Updated DD_LV_cenas_nozarelv.csv. Newest record: 2026-05-15 00:00:00
2026-05-16 10:48:48,077 [INFO] Updated 95E_Baltija_cenas_CircleK_nozarelv.csv. Newest record: 2026-05-15 00:00:00
2026-05-16 10:48:49,927 [INFO] Updated DD_Baltija_cenas_CircleK_nozarelv.csv. Newest record: 2026-05-15 00:00:00
2026-05-16 10:48:49,927 [INFO] Scrape session finished.
2026-05-17 09:20:59,588 [INFO] Scrape session started.
2026-05-17 09:21:01,368 [INFO] Updated 95E_LV_cenas_nozarelv.csv. Newest record: 2026-05-15 00:00:00
2026-05-17 09:21:03,171 [INFO] Updated DD_LV_cenas_nozarelv.csv. Newest record: 2026-05-15 00:00:00
2026-05-17 09:21:04,959 [INFO] Updated 95E_Baltija_cenas_CircleK_nozarelv.csv. Newest record: 2026-05-15 00:00:00
2026-05-17 09:21:06,760 [INFO] Updated DD_Baltija_cenas_CircleK_nozarelv.csv. Newest record: 2026-05-15 00:00:00
2026-05-17 09:21:06,760 [INFO] Scrape session finished.
2026-05-17 10:55:55,103 [INFO] Scrape session started.
2026-05-17 10:55:57,502 [INFO] Updated 95E_LV_cenas_nozarelv.csv. Newest record: 2026-05-15 00:00:00
2026-05-17 10:55:59,525 [INFO] Updated DD_LV_cenas_nozarelv.csv. Newest record: 2026-05-15 00:00:00
2026-05-17 10:56:01,654 [INFO] Updated 95E_Baltija_cenas_CircleK_nozarelv.csv. Newest record: 2026-05-15 00:00:00
2026-05-17 10:56:03,321 [INFO] Updated DD_Baltija_cenas_CircleK_nozarelv.csv. Newest record: 2026-05-15 00:00:00
2026-05-17 10:56:03,321 [INFO] Scrape session finished.
2026-05-18 11:31:06,541 [INFO] Scrape session started.
2026-05-18 11:31:08,665 [INFO] Updated 95E_LV_cenas_nozarelv.csv. Newest record: 2026-05-18 00:00:00
2026-05-18 11:31:10,273 [INFO] Updated DD_LV_cenas_nozarelv.csv. Newest record: 2026-05-18 00:00:00
2026-05-18 11:31:11,872 [INFO] Updated 95E_Baltija_cenas_CircleK_nozarelv.csv. Newest record: 2026-05-15 00:00:00
2026-05-18 11:31:13,397 [INFO] Updated DD_Baltija_cenas_CircleK_nozarelv.csv. Newest record: 2026-05-15 00:00:00
2026-05-18 11:31:13,397 [INFO] Scrape session finished.
2026-05-18 12:56:10,777 [INFO] Scrape session started.
2026-05-18 12:56:12,533 [INFO] Updated 95E_LV_cenas_nozarelv.csv. Newest record: 2026-05-18 00:00:00
2026-05-18 12:56:14,427 [INFO] Updated DD_LV_cenas_nozarelv.csv. Newest record: 2026-05-18 00:00:00
2026-05-18 12:56:16,387 [INFO] Updated 95E_Baltija_cenas_CircleK_nozarelv.csv. Newest record: 2026-05-15 00:00:00
2026-05-18 12:56:18,075 [INFO] Updated DD_Baltija_cenas_CircleK_nozarelv.csv. Newest record: 2026-05-15 00:00:00
2026-05-18 12:56:18,075 [INFO] Scrape session finished.
2026-05-19 10:47:50,756 [INFO] Scrape session started.
2026-05-19 10:47:52,866 [INFO] Updated 95E_LV_cenas_nozarelv.csv. Newest record: 2026-05-19 00:00:00
2026-05-19 10:47:54,969 [INFO] Updated DD_LV_cenas_nozarelv.csv. Newest record: 2026-05-19 00:00:00
2026-05-19 10:47:57,150 [INFO] Updated 95E_Baltija_cenas_CircleK_nozarelv.csv. Newest record: 2026-05-15 00:00:00
2026-05-19 10:47:58,773 [INFO] Updated DD_Baltija_cenas_CircleK_nozarelv.csv. Newest record: 2026-05-15 00:00:00
2026-05-19 10:47:58,773 [INFO] Scrape session finished.
2026-05-19 12:30:57,131 [INFO] Scrape session started.
2026-05-19 12:30:59,035 [INFO] Updated 95E_LV_cenas_nozarelv.csv. Newest record: 2026-05-19 00:00:00
2026-05-19 12:31:00,445 [INFO] Updated DD_LV_cenas_nozarelv.csv. Newest record: 2026-05-19 00:00:00
2026-05-19 12:31:02,243 [INFO] Updated 95E_Baltija_cenas_CircleK_nozarelv.csv. Newest record: 2026-05-15 00:00:00
2026-05-19 12:31:04,050 [INFO] Updated DD_Baltija_cenas_CircleK_nozarelv.csv. Newest record: 2026-05-15 00:00:00
2026-05-19 12:31:04,050 [INFO] Scrape session finished.
2026-05-20 10:35:02,195 [INFO] Scrape session started.
2026-05-20 10:35:03,725 [INFO] Updated 95E_LV_cenas_nozarelv.csv. Newest record: 2026-05-20 00:00:00
2026-05-20 10:35:05,282 [INFO] Updated DD_LV_cenas_nozarelv.csv. Newest record: 2026-05-20 00:00:00
2026-05-20 10:35:06,682 [INFO] Updated 95E_Baltija_cenas_CircleK_nozarelv.csv. Newest record: 2026-05-15 00:00:00
2026-05-20 10:35:08,184 [INFO] Updated DD_Baltija_cenas_CircleK_nozarelv.csv. Newest record: 2026-05-15 00:00:00
2026-05-20 10:35:08,185 [INFO] Scrape session finished.
2026-05-20 12:11:36,449 [INFO] Scrape session started.
2026-05-20 12:11:38,141 [INFO] Updated 95E_LV_cenas_nozarelv.csv. Newest record: 2026-05-20 00:00:00
2026-05-20 12:11:39,761 [INFO] Updated DD_LV_cenas_nozarelv.csv. Newest record: 2026-05-20 00:00:00
2026-05-20 12:11:41,402 [INFO] Updated 95E_Baltija_cenas_CircleK_nozarelv.csv. Newest record: 2026-05-15 00:00:00
2026-05-20 12:11:42,713 [INFO] Updated DD_Baltija_cenas_CircleK_nozarelv.csv. Newest record: 2026-05-15 00:00:00
2026-05-20 12:11:42,713 [INFO] Scrape session finished.
2026-05-21 10:52:34,043 [INFO] Scrape session started.
2026-05-21 10:52:35,584 [INFO] Updated 95E_LV_cenas_nozarelv.csv. Newest record: 2026-05-21 00:00:00
2026-05-21 10:52:37,109 [INFO] Updated DD_LV_cenas_nozarelv.csv. Newest record: 2026-05-21 00:00:00
2026-05-21 10:52:38,458 [INFO] Updated 95E_Baltija_cenas_CircleK_nozarelv.csv. Newest record: 2026-05-15 00:00:00
2026-05-21 10:52:39,965 [INFO] Updated DD_Baltija_cenas_CircleK_nozarelv.csv. Newest record: 2026-05-15 00:00:00
2026-05-21 10:52:39,965 [INFO] Scrape session finished.
2026-05-21 12:34:57,631 [INFO] Scrape session started.
2026-05-21 12:34:59,300 [INFO] Updated 95E_LV_cenas_nozarelv.csv. Newest record: 2026-05-21 00:00:00
2026-05-21 12:35:00,879 [INFO] Updated DD_LV_cenas_nozarelv.csv. Newest record: 2026-05-21 00:00:00
2026-05-21 12:35:02,518 [INFO] Updated 95E_Baltija_cenas_CircleK_nozarelv.csv. Newest record: 2026-05-15 00:00:00
2026-05-21 12:35:04,125 [INFO] Updated DD_Baltija_cenas_CircleK_nozarelv.csv. Newest record: 2026-05-15 00:00:00
2026-05-21 12:35:04,125 [INFO] Scrape session finished.
2026-05-22 10:34:33,578 [INFO] Scrape session started.
2026-05-22 10:34:35,068 [INFO] Updated 95E_LV_cenas_nozarelv.csv. Newest record: 2026-05-22 00:00:00
2026-05-22 10:34:36,510 [INFO] Updated DD_LV_cenas_nozarelv.csv. Newest record: 2026-05-22 00:00:00
2026-05-22 10:34:38,108 [INFO] Updated 95E_Baltija_cenas_CircleK_nozarelv.csv. Newest record: 2026-05-15 00:00:00
2026-05-22 10:34:39,601 [INFO] Updated DD_Baltija_cenas_CircleK_nozarelv.csv. Newest record: 2026-05-15 00:00:00
2026-05-22 10:34:39,601 [INFO] Scrape session finished.
2026-05-22 12:07:20,644 [INFO] Scrape session started.
2026-05-22 12:07:22,185 [INFO] Updated 95E_LV_cenas_nozarelv.csv. Newest record: 2026-05-22 00:00:00
2026-05-22 12:07:23,650 [INFO] Updated DD_LV_cenas_nozarelv.csv. Newest record: 2026-05-22 00:00:00
2026-05-22 12:07:24,941 [INFO] Updated 95E_Baltija_cenas_CircleK_nozarelv.csv. Newest record: 2026-05-15 00:00:00
2026-05-22 12:07:26,122 [INFO] Updated DD_Baltija_cenas_CircleK_nozarelv.csv. Newest record: 2026-05-15 00:00:00
2026-05-22 12:07:26,122 [INFO] Scrape session finished.
2026-05-23 09:22:58,062 [INFO] Scrape session started.
2026-05-23 09:22:59,868 [INFO] Updated 95E_LV_cenas_nozarelv.csv. Newest record: 2026-05-22 00:00:00
2026-05-23 09:23:01,352 [INFO] Updated DD_LV_cenas_nozarelv.csv. Newest record: 2026-05-22 00:00:00
2026-05-23 09:23:03,036 [INFO] Updated 95E_Baltija_cenas_CircleK_nozarelv.csv. Newest record: 2026-05-22 00:00:00
2026-05-23 09:23:04,987 [INFO] Updated DD_Baltija_cenas_CircleK_nozarelv.csv. Newest record: 2026-05-22 00:00:00
2026-05-23 09:23:04,987 [INFO] Scrape session finished.
2026-05-23 11:01:22,641 [INFO] Scrape session started.
2026-05-23 11:01:23,951 [INFO] Updated 95E_LV_cenas_nozarelv.csv. Newest record: 2026-05-22 00:00:00
2026-05-23 11:01:25,467 [INFO] Updated DD_LV_cenas_nozarelv.csv. Newest record: 2026-05-22 00:00:00
2026-05-23 11:01:26,919 [INFO] Updated 95E_Baltija_cenas_CircleK_nozarelv.csv. Newest record: 2026-05-22 00:00:00
2026-05-23 11:01:28,332 [INFO] Updated DD_Baltija_cenas_CircleK_nozarelv.csv. Newest record: 2026-05-22 00:00:00
2026-05-23 11:01:28,332 [INFO] Scrape session finished.
2026-05-24 09:29:34,717 [INFO] Scrape session started.
2026-05-24 09:29:36,436 [INFO] Updated 95E_LV_cenas_nozarelv.csv. Newest record: 2026-05-22 00:00:00
2026-05-24 09:29:38,823 [INFO] Updated DD_LV_cenas_nozarelv.csv. Newest record: 2026-05-22 00:00:00
2026-05-24 09:29:40,702 [INFO] Updated 95E_Baltija_cenas_CircleK_nozarelv.csv. Newest record: 2026-05-22 00:00:00
2026-05-24 09:29:42,636 [INFO] Updated DD_Baltija_cenas_CircleK_nozarelv.csv. Newest record: 2026-05-22 00:00:00
2026-05-24 09:29:42,636 [INFO] Scrape session finished.
2026-05-24 11:02:49,541 [INFO] Scrape session started.
2026-05-24 11:02:50,979 [INFO] Updated 95E_LV_cenas_nozarelv.csv. Newest record: 2026-05-22 00:00:00
2026-05-24 11:02:52,507 [INFO] Updated DD_LV_cenas_nozarelv.csv. Newest record: 2026-05-22 00:00:00
2026-05-24 11:02:54,050 [INFO] Updated 95E_Baltija_cenas_CircleK_nozarelv.csv. Newest record: 2026-05-22 00:00:00
2026-05-24 11:02:55,578 [INFO] Updated DD_Baltija_cenas_CircleK_nozarelv.csv. Newest record: 2026-05-22 00:00:00
2026-05-24 11:02:55,579 [INFO] Scrape session finished.
2026-05-25 11:36:39,248 [INFO] Scrape session started.
2026-05-25 11:36:41,722 [INFO] Updated 95E_LV_cenas_nozarelv.csv. Newest record: 2026-05-25 00:00:00
2026-05-25 11:36:43,748 [INFO] Updated DD_LV_cenas_nozarelv.csv. Newest record: 2026-05-25 00:00:00
2026-05-25 11:36:46,143 [INFO] Updated 95E_Baltija_cenas_CircleK_nozarelv.csv. Newest record: 2026-05-22 00:00:00
2026-05-25 11:36:49,071 [INFO] Updated DD_Baltija_cenas_CircleK_nozarelv.csv. Newest record: 2026-05-22 00:00:00
2026-05-25 11:36:49,071 [INFO] Scrape session finished.
